<?xml version="1.0" encoding="UTF-8"?>
<!-- Generated by org.testng.reporters.JUnitReportReporter -->
<testsuite skipped="0" hostname="DESKTOP-858LOL2" name="com.crm.qa.testcases.LoginPageTest" tests="2" failures="0" timestamp="18 Feb 2019 10:00:34 GMT" time="30.876" errors="0">
  <testcase name="LoginPageTitleTest" time="9.478" classname="com.crm.qa.testcases.LoginPageTest"/>
  <testcase name="LoginTest" time="21.398" classname="com.crm.qa.testcases.LoginPageTest"/>
</testsuite> <!-- com.crm.qa.testcases.LoginPageTest -->
