<?xml version="1.0" encoding="UTF-8"?>
<!-- Generated by org.testng.reporters.JUnitReportReporter -->
<testsuite skipped="0" hostname="DESKTOP-858LOL2" name="com.crm.qa.testcases.CompanyPageTest" tests="4" failures="0" timestamp="20 Feb 2019 13:09:34 GMT" time="195.999" errors="0">
  <testcase name="verifyCompanyPageLabel" time="33.623" classname="com.crm.qa.testcases.CompanyPageTest"/>
  <testcase name="validateCreateNewCompany" time="54.487" classname="com.crm.qa.testcases.CompanyPageTest"/>
  <testcase name="validateCreateNewCompany" time="55.335" classname="com.crm.qa.testcases.CompanyPageTest"/>
  <testcase name="validateCreateNewCompany" time="52.554" classname="com.crm.qa.testcases.CompanyPageTest"/>
</testsuite> <!-- com.crm.qa.testcases.CompanyPageTest -->
