<?xml version="1.0" encoding="UTF-8"?>
<!-- Generated by org.testng.reporters.JUnitReportReporter -->
<testsuite skipped="0" hostname="DESKTOP-858LOL2" name="com.crm.qa.testcases.DealsPageTest" tests="3" failures="0" timestamp="21 Feb 2019 14:00:11 GMT" time="174.830" errors="0">
  <testcase name="verifyContactsPageLabel" time="25.293" classname="com.crm.qa.testcases.DealsPageTest"/>
  <testcase name="validateCreateNewDeal" time="82.113" classname="com.crm.qa.testcases.DealsPageTest"/>
  <testcase name="validateCreateNewDeal" time="67.424" classname="com.crm.qa.testcases.DealsPageTest"/>
</testsuite> <!-- com.crm.qa.testcases.DealsPageTest -->
