<?xml version="1.0" encoding="UTF-8"?>
<!-- Generated by org.testng.reporters.JUnitReportReporter -->
<testsuite skipped="0" hostname="DESKTOP-858LOL2" name="com.crm.qa.testcases.TicketsPageTest" tests="3" failures="0" timestamp="23 Feb 2019 17:45:43 GMT" time="114.259" errors="0">
  <testcase name="verifyTicketsPageLabelTest" time="25.889" classname="com.crm.qa.testcases.TicketsPageTest"/>
  <testcase name="validateCreateNewTicket" time="45.861" classname="com.crm.qa.testcases.TicketsPageTest"/>
  <testcase name="validateCreateNewTicket" time="42.509" classname="com.crm.qa.testcases.TicketsPageTest"/>
</testsuite> <!-- com.crm.qa.testcases.TicketsPageTest -->
