<?xml version="1.0" encoding="UTF-8"?>
<!-- Generated by org.testng.reporters.JUnitReportReporter -->
<testsuite skipped="0" hostname="DESKTOP-858LOL2" name="com.crm.qa.testcases.LoginPageTest" tests="2" failures="0" timestamp="19 Feb 2019 09:18:02 GMT" time="29.443" errors="0">
  <testcase name="LoginPageTitleTest" time="12.585" classname="com.crm.qa.testcases.LoginPageTest"/>
  <testcase name="LoginTest" time="16.858" classname="com.crm.qa.testcases.LoginPageTest"/>
</testsuite> <!-- com.crm.qa.testcases.LoginPageTest -->
